


-rw-rw---- 1 10106 9997    0 2017-01-17 00:52 xxx.x
-rw-rw---- 1 10106 9997    0 2021-01-22 10:48 moduletest.html
-rw-rw---- 1 10106 9997  109 2021-01-21 02:04 main-page.css
-rw-rw---- 1 10106 9997  136 2021-01-21 01:45 slideMediaQuery.css
-rw-rw---- 1 10106 9997  1465 2017-01-10 22:30 app.js
-rw-rw---- 1 10106 9997  1572 2017-01-09 07:28 axiosClient.js
-rw-rw---- 1 10106 9997  190 2021-01-22 16:30 slide.css
-rw-rw---- 1 10106 9997  200 2017-01-02 14:15 init.css
-rw-rw---- 1 10106 9997  263 2021-01-21 01:38 btn.css
-rw-rw---- 1 10106 9997 1441 2021-02-01 13:16 print.js
-rw-rw---- 1 10106 9997 1781 2021-01-21 06:01 memberlist.html
-rw-rw---- 1 10106 9997 21211 2017-01-14 11:23 README.md
-rw-rw---- 1 10106 9997 3273 2021-01-25 17:30 homepage.html
axiosTest/:
delta/:
drwxrwx--- 2 10106 9997  4096 2017-01-09 05:53 box
drwxrwx--- 2 10106 9997  4096 2017-01-10 22:19 view
drwxrwx--- 5 10106 9997  4096 2017-01-09 01:21 public
total 32
total 44
