aassdd
aassdd
total 1184
drwxrwx--- 2 10106 9997   4096 2021-01-25 16:31 3dLab
drwxrwx--- 3 10106 9997   4096 2017-01-12 14:45 4t
drwxrwx--- 2 10106 9997   4096 2017-01-05 19:53 AILab
-rw-rw---- 1 10106 9997   2308 2017-01-15 17:46 ANSI.js
-rw-rw---- 1 10106 9997   4143 2017-01-09 19:25 AST.js
-rw-rw---- 1 10106 9997    670 2021-01-18 16:19 BGclip.html
-rw-rw---- 1 10106 9997      0 2017-01-15 08:05 Content-Type
-rw-rw---- 1 10106 9997   3753 2021-01-23 14:15 DBtable.html
-rw-rw---- 1 10106 9997      0 2017-01-15 11:01 Location
-rw-rw---- 1 10106 9997 147144 2021-01-17 17:38 NAVER D2.html
-rw-rw---- 1 10106 9997    867 2021-01-23 16:24 Nbox.html
-rw-rw---- 1 10106 9997    841 2021-01-18 16:36 O-border.html
-rw-rw---- 1 10106 9997      0 2017-01-15 08:28 Set-Cookie
-rw-rw---- 1 10106 9997    474 2017-01-16 03:41 TCPserverForStream.js
drwxrwx--- 3 10106 9997   4096 2021-01-22 08:12 Test Site
drwxrwx--- 2 10106 9997   4096 2021-01-05 17:19 TestCssToolbox1
-rw-rw---- 1 10106 9997    413 2017-01-08 07:21 Timer.js
drwxrwx--- 3 10106 9997   4096 2017-01-09 09:23 WEBCafe
drwxrwx--- 2 10106 9997   4096 2017-01-17 00:39 abiria
-rw-rw---- 1 10106 9997      0 2017-01-16 03:34 address
-rw-rw---- 1 10106 9997    959 2021-01-24 14:22 alert.html
-rw-rw---- 1 10106 9997    531 2021-01-18 14:17 align-self.html
-rw-rw---- 1 10106 9997    340 2021-02-01 21:12 alp.txt.gz
-rw-rw---- 1 10106 9997    914 2021-01-25 11:25 ants-better.html
-rw-rw---- 1 10106 9997    787 2021-01-25 10:50 ants.html
-rw-rw---- 1 10106 9997   1817 2021-01-23 17:35 appear.html
-rw-rw---- 1 10106 9997    788 2017-01-09 19:25 arrayReader.js
-rw-rw---- 1 10106 9997   1181 2021-01-18 14:18 arrow.html
-rw-rw---- 1 10106 9997    766 2017-01-16 21:09 asyncGenergeratot.js
-rw-rw---- 1 10106 9997   9150 2021-01-23 14:19 attachment.html
-rw-rw---- 1 10106 9997    485 2021-01-23 08:46 attr.html
-rw-rw---- 1 10106 9997   1824 2017-01-04 01:47 audio.html
drwxrwx--- 5 10106 9997   4096 2017-01-14 11:23 axiosTest
-rw-rw---- 1 10106 9997   2934 2017-01-03 11:30 ball.html
-rw-rw---- 1 10106 9997    831 2021-01-27 02:44 bindtest.js
-rw-rw---- 1 10106 9997   2135 2021-01-26 16:50 bitOperator.html
-rw-rw---- 1 10106 9997   1715 2021-01-18 14:18 blur.html
-rw-rw---- 1 10106 9997    662 2021-01-26 12:26 border-gradient.html
-rw-rw---- 1 10106 9997    540 2021-01-26 13:21 border-image.html
-rw-rw---- 1 10106 9997    832 2021-01-26 13:40 border-radius-slide.html
-rw-rw---- 1 10106 9997    850 2021-01-26 13:42 border-radius-slide2.html
-rw-rw---- 1 10106 9997   1247 2021-01-23 14:15 botton.html
-rw-rw---- 1 10106 9997    725 2021-01-25 12:28 bounce1.html
-rw-rw---- 1 10106 9997   1185 2021-01-18 14:18 bound.html
-rw-rw---- 1 10106 9997    386 2017-01-04 02:13 browserEVAL.html
-rw-rw---- 1 10106 9997    785 2021-01-26 16:52 byName.html
-rw-rw---- 1 10106 9997    774 2021-01-27 02:44 calcPropertyDifferance.js
-rw-rw---- 1 10106 9997    877 2021-01-18 15:48 canvas.html
drwxrwx--- 2 10106 9997   4096 2017-01-05 21:44 canvasLab
-rw-rw---- 1 10106 9997      0 2017-01-15 11:39 catch
-rw-rw---- 1 10106 9997   1206 2017-01-14 12:06 chainTest.js
-rw-rw---- 1 10106 9997   2264 2021-01-23 17:33 checkbox.html
-rw-rw---- 1 10106 9997    759 2021-01-26 13:32 circleDotBorder.html
-rw-rw---- 1 10106 9997    219 2017-01-02 20:08 classListTest.js
-rw-rw---- 1 10106 9997      0 2017-01-16 15:55 clear
-rw-rw---- 1 10106 9997   1111 2017-01-15 16:30 cof.coffee
-rw-rw---- 1 10106 9997     57 2017-01-15 16:24 cof.js
-rw-rw---- 1 10106 9997    254 2017-01-15 15:43 coffeeTest.coffee
-rw-rw---- 1 10106 9997     85 2017-01-15 16:24 coffeeTest.js
-rw-rw---- 1 10106 9997    859 2017-01-15 15:40 coffeeTest.js.map
-rw-rw---- 1 10106 9997   2821 2021-01-25 17:53 colorwheel.html
-rw-rw---- 1 10106 9997   7598 2021-01-23 21:34 colorwheelBG.css
-rw-rw---- 1 10106 9997    494 2021-01-24 14:47 conic.html
-rw-rw---- 1 10106 9997    877 2021-01-18 17:01 conic2.html
-rw-rw---- 1 10106 9997      0 2017-01-15 07:37 console.error
-rw-rw---- 1 10106 9997    364 2021-01-27 02:44 console.js
-rw-rw---- 1 10106 9997      0 2017-01-15 11:22 console.log
-rw-rw---- 1 10106 9997      0 2017-01-15 16:24 constructor
-rw-rw---- 1 10106 9997      0 2017-01-16 02:55 createReadStream
-rw-rw---- 1 10106 9997      0 2017-01-15 11:00 createServer
-rw-rw---- 1 10106 9997      0 2017-01-16 16:03 createWriteStream
-rw-rw---- 1 10106 9997   2093 2021-02-01 20:32 crypto.js
-rw-rw---- 1 10106 9997      0 2017-01-16 17:02 cursor
-rw-rw---- 1 10106 9997    400 2021-01-27 02:44 customEvent.js
-rw-rw---- 1 10106 9997    429 2021-01-25 11:29 cutted-corners-better.html
-rw-rw---- 1 10106 9997    201 2017-01-14 10:42 cyclicTest.js
-rw-rw---- 1 10106 9997    216 2021-02-02 13:56 date.js
drwxrwx--- 2 10106 9997   4096 2017-01-02 14:15 delta
-rw-rw---- 1 10106 9997    357 2021-02-01 20:44 deprecated.js
-rw-rw---- 1 10106 9997    252 2017-01-08 19:39 destructoring.js
-rw-rw---- 1 10106 9997   2172 2021-01-25 13:53 dialog.html
-rw-rw---- 1 10106 9997    541 2021-01-20 14:39 dioffof.html
-rw-rw---- 1 10106 9997    643 2021-01-26 11:19 dissymmetricBorder.html
-rw-rw---- 1 10106 9997    737 2021-01-23 12:25 doubleTriangle.html
-rw-rw---- 1 10106 9997    700 2021-01-23 14:00 drop-shadow.html
-rw-rw---- 1 10106 9997    227 2017-01-15 12:55 ejsTest.js
-rw-rw---- 1 10106 9997   2009 2017-01-14 06:49 elasticString.html
-rw-rw---- 1 10106 9997    621 2017-01-12 08:44 emmetTest.html
-rw-rw---- 1 10106 9997    131 2017-01-08 06:39 every.test.js
-rw-rw---- 1 10106 9997     83 2017-01-02 20:11 executeAll.test.js
-rw-rw---- 1 10106 9997    931 2017-01-16 03:10 fileToStdout.js
-rw-rw---- 1 10106 9997   4939 2021-01-25 18:58 finder.html
-rw-rw---- 1 10106 9997   4356 2017-01-05 08:39 fs.js
-rw-rw---- 1 10106 9997    406 2017-01-13 07:15 fs.promises.js
-rw-rw---- 1 10106 9997  37408 2021-01-26 05:48 g.txt
-rw-rw---- 1 10106 9997    441 2021-01-27 02:44 generater.js
-rw-rw---- 1 10106 9997    353 2017-01-14 11:38 getterChainTest.js
drwxrwx--- 3 10106 9997   4096 2017-01-15 02:54 gitTest
-rw-rw---- 1 10106 9997      0 2017-01-10 09:53 global
-rw-rw---- 1 10106 9997      0 2017-01-04 04:10 globalTest
drwxrwx--- 4 10106 9997   4096 2017-01-10 19:48 globalTests
-rw-rw---- 1 10106 9997    584 2021-01-25 18:58 glowText.html
-rw-rw---- 1 10106 9997   1472 2021-01-25 10:26 gradient-spinner-better.html
-rw-rw---- 1 10106 9997   1972 2021-01-25 14:17 gradient-spinner.html
-rw-rw---- 1 10106 9997   1866 2021-01-25 10:06 gradient-spinner2.html
-rw-rw---- 1 10106 9997    640 2021-01-18 14:19 gradient.html
drwxrwx--- 2 10106 9997   4096 2021-01-21 02:27 gradients
drwxrwx--- 2 10106 9997   4096 2017-01-15 03:04 gridLab
-rw-rw---- 1 10106 9997    490 2021-01-26 13:42 halfEllipse.html
-rw-rw---- 1 10106 9997    927 2021-01-26 14:04 heart.html
-rw-rw---- 1 10106 9997    566 2017-01-02 15:30 heightTransition.html
-rw-rw---- 1 10106 9997  10795 2021-01-18 14:19 hiddenAddressbar.html
-rw-rw---- 1 10106 9997   3215 2021-01-23 20:04 htmltags.html
-rw-rw---- 1 10106 9997    266 2017-01-13 11:43 immutableFunction.js
drwxrwx--- 2 10106 9997   4096 2017-01-01 01:16 importTest
-rw-rw---- 1 10106 9997   1895 2017-01-15 08:10 index.html
-rw-rw---- 1 10106 9997   1129 2017-01-09 02:00 init.css
-rw-rw---- 1 10106 9997    959 2021-01-20 22:24 inlinesvgtest.html
-rw-rw---- 1 10106 9997      0 2017-01-16 16:21 input
-rw-rw---- 1 10106 9997   2679 2017-01-04 04:09 interval.test.js
-rw-rw---- 1 10106 9997   1721 2021-01-21 04:12 invite-link(final).html
-rw-rw---- 1 10106 9997   2212 2021-01-26 16:33 invite_link.html
-rw-rw---- 1 10106 9997   2075 2017-01-13 11:41 jsTest.html
-rw-rw---- 1 10106 9997    313 2021-01-18 18:20 keyOrder.css
-rw-rw---- 1 10106 9997   2661 2021-01-18 15:21 keypad.html
-rw-rw---- 1 10106 9997   7110 2017-01-05 20:24 lib.js
drwxrwx--- 2 10106 9997   4096 2017-01-01 10:57 lib2
-rw-rw---- 1 10106 9997    378 2021-01-27 14:42 ligatrue.html
-rw-rw---- 1 10106 9997      0 2017-01-15 11:21 listen
-rw-rw---- 1 10106 9997   1736 2017-01-02 18:31 loadingMarker.html
-rw-rw---- 1 10106 9997   5601 2017-01-04 01:25 localfile.html
-rw-rw---- 1 10106 9997      0 2017-01-15 08:24 localhost
-rw-rw---- 1 10106 9997     14 2017-01-17 00:50 lslog.log
-rw-rw---- 1 10106 9997    222 2017-01-09 09:15 mailtest.html
-rw-rw---- 1 10106 9997   1633 2017-01-10 21:09 main.js
-rw-rw---- 1 10106 9997   2588 2021-01-13 23:06 marginTest.html
-rw-rw---- 1 10106 9997    492 2021-01-17 18:02 mediaquery.html
-rw-rw---- 1 10106 9997   1694 2021-01-17 17:38 memberList.html
-rw-rw---- 1 10106 9997    909 2017-01-14 11:31 mixin.js
-rw-rw---- 1 10106 9997    460 2021-01-23 14:13 moduletest.html
-rw-rw---- 1 10106 9997     90 2021-01-22 11:12 moduletest.js
-rw-rw---- 1 10106 9997    105 2021-01-22 11:05 moduletest2.js
-rw-rw---- 1 10106 9997    956 2017-01-15 18:25 netClientTest.js
-rw-rw---- 1 10106 9997    827 2017-01-15 17:45 netTest.coffee
-rw-rw---- 1 10106 9997    979 2017-01-15 18:25 netTest.js
-rw-rw---- 1 10106 9997    133 2021-01-24 06:16 newForEach.js
-rw-rw---- 1 10106 9997    203 2021-01-31 14:14 node1.js
-rw-rw---- 1 10106 9997    140 2021-01-31 14:17 node2.js
-rw-rw---- 1 10106 9997   4186 2017-01-17 00:47 npmMerger.js
-rw-rw---- 1 10106 9997   4236 2017-01-14 11:30 objTest.js
-rw-rw---- 1 10106 9997   2242 2017-01-14 11:43 objectExtra.js
-rw-rw---- 1 10106 9997    455 2017-01-03 19:16 objectSpread.test.html
-rw-rw---- 1 10106 9997    220 2017-01-13 07:13 objectSpread.test.js
-rw-rw---- 1 10106 9997    307 2017-01-03 18:08 optionAssignToThis.test.js
-rw-rw---- 1 10106 9997      0 2017-01-16 16:21 output
-rw-rw---- 1 10106 9997    274 2017-01-10 21:14 package.json
-rw-rw---- 1 10106 9997    179 2017-01-02 20:19 parseFilename.test.js
-rw-rw---- 1 10106 9997      0 2017-01-15 17:43 parseInt
-rw-rw---- 1 10106 9997    687 2021-01-25 11:51 partial-side-shadow.html
-rw-rw---- 1 10106 9997    572 2021-01-24 06:13 partial.js
-rw-rw---- 1 10106 9997      0 2021-01-25 16:32 patternLock.html
-rw-rw---- 1 10106 9997     77 2017-01-13 07:28 pipeTest.js
-rw-rw---- 1 10106 9997   1510 2017-01-05 14:36 practicalPipeApplicationWithoutEVAL.html
-rw-rw---- 1 10106 9997      0 2017-01-10 09:53 process
-rw-rw---- 1 10106 9997   1083 2021-01-23 14:16 progress.html
-rw-rw---- 1 10106 9997    478 2021-01-26 17:43 promisetest.js
-rw-rw---- 1 10106 9997    250 2017-01-10 22:43 promisify.js
-rw-rw---- 1 10106 9997    272 2017-01-13 11:34 prototypeExtends.js
-rw-rw---- 1 10106 9997     95 2017-01-13 11:34 prototypetest.js
-rw-rw---- 1 10106 9997    232 2017-01-15 13:03 pugTest.js
-rw-rw---- 1 10106 9997    114 2017-01-16 18:08 question.js
-rw-rw---- 1 10106 9997   2380 2021-01-23 12:25 questionairesheet.html
-rw-rw---- 1 10106 9997    856 2021-01-17 19:35 qwe.css
-rw-rw---- 1 10106 9997   2288 2021-01-13 23:10 qwe.html
-rw-rw---- 1 10106 9997    340 2017-01-15 12:36 readCookie.js
-rw-rw---- 1 10106 9997      0 2017-01-15 12:45 readFile
-rw-rw---- 1 10106 9997     24 2017-01-16 15:54 readStreamTest.js
drwxrwx--- 2 10106 9997   4096 2017-01-16 17:34 readline
-rw-rw---- 1 10106 9997     36 2017-01-15 13:15 readlineTest.js
-rw-rw---- 1 10106 9997    232 2017-01-15 11:20 redirect.js
-rw-rw---- 1 10106 9997      0 2021-01-27 02:44 reference.js
-rw-rw---- 1 10106 9997    109 2021-02-02 14:13 reflect.js
-rw-rw---- 1 10106 9997    536 2021-01-23 14:14 reg.html
-rw-rw---- 1 10106 9997      0 2017-01-10 10:12 regExpLib.exp
-rw-rw---- 1 10106 9997      0 2017-01-10 10:11 regExpLib.js
-rw-rw---- 1 10106 9997      0 2017-01-10 10:11 regExpLib.rex
-rw-rw---- 1 10106 9997     74 2017-01-10 10:54 regExpLib.rxp
-rw-rw---- 1 10106 9997    937 2017-01-14 11:30 regexp.test.js
-rw-rw---- 1 10106 9997      0 2017-01-15 11:36 reject
-rw-rw---- 1 10106 9997    358 2017-01-15 12:45 req.js
-rw-rw---- 1 10106 9997      0 2017-01-15 07:37 request
-rw-rw---- 1 10106 9997      0 2017-01-10 09:51 require
-rw-rw---- 1 10106 9997      0 2017-01-15 11:36 resolve
drwxrwx--- 4 10106 9997   4096 2017-01-04 00:49 resources
-rw-rw---- 1 10106 9997    145 2017-01-03 20:41 restOperatorInReturn.test.js
-rw-rw---- 1 10106 9997    970 2021-01-25 15:01 revolution-animation.html
-rw-rw---- 1 10106 9997     92 2021-01-24 14:29 revolution.css
-rw-rw---- 1 10106 9997   1342 2021-01-24 15:18 revolution.html
-rw-rw---- 1 10106 9997   1846 2017-01-02 22:56 revolution.js
-rw-rw---- 1 10106 9997    715 2021-01-24 15:12 roundedText.html
-rw-rw---- 1 10106 9997   1697 2017-01-15 12:28 routing.js
-rw-rw---- 1 10106 9997    560 2017-01-15 12:13 routingForm.html
-rw-rw---- 1 10106 9997    288 2017-01-15 12:12 routingHello.html
-rw-rw---- 1 10106 9997    295 2017-01-15 11:49 routingIndex.html
-rw-rw---- 1 10106 9997    287 2017-01-15 11:48 routingWorld.html
-rw-rw---- 1 10106 9997      0 2017-01-15 11:23 running
drwxrwx--- 2 10106 9997   4096 2017-01-14 06:49 rxpLib
drwxrwx--- 4 10106 9997   4096 2017-01-14 05:46 sass
-rw-rw---- 1 10106 9997    140 2017-01-10 21:21 sass.js
drwxrwx--- 4 10106 9997   4096 2017-01-13 13:28 sassTest
-rw-rw---- 1 10106 9997      0 2017-01-15 08:52 script
-rw-rw---- 1 10106 9997   7978 2017-01-10 22:15 scrollTable.html
-rw-rw---- 1 10106 9997   1437 2021-01-17 20:01 scrollbox.html
-rw-rw---- 1 10106 9997    143 2017-01-16 21:19 selfYield.js
-rw-rw---- 1 10106 9997    917 2017-01-15 12:28 serverCookieTest.js
-rw-rw---- 1 10106 9997    261 2017-01-15 12:28 serverCookieTestClient.js
-rw-rw---- 1 10106 9997    450 2017-01-15 10:53 serverCookieTestIndex.html
-rw-rw---- 1 10106 9997    660 2017-01-15 08:23 serverFsTest.js
-rw-rw---- 1 10106 9997   1922 2017-01-15 08:18 serverIndex.html
-rw-rw---- 1 10106 9997    630 2017-01-15 08:20 serverTest.js
-rw-rw---- 1 10106 9997    114 2017-01-16 02:32 sffs.txt

-rw-rw---- 1 10106 9997    421 2021-01-26 15:07 shadowedText.html
-rw-rw---- 1 10106 9997    765 2021-01-13 23:13 skew.html
-rw-rw---- 1 10106 9997    184 2021-01-20 11:16 slideToolbar.html
-rw-rw---- 1 10106 9997    723 2021-01-18 11:12 slidelogo.html
-rw-rw---- 1 10106 9997     37 2017-01-16 03:25 socketForStream.js
drwxrwx--- 3 10106 9997   4096 2017-01-14 03:13 socketServer
-rw-rw---- 1 10106 9997     75 2017-01-15 14:56 socketTest.js
-rw-rw---- 1 10106 9997    228 2021-01-26 21:37 someShort-circuitTest.js
-rw-rw---- 1 10106 9997    117 2017-01-03 20:42 spreadOperatorInReturn.test.js
-rw-rw---- 1 10106 9997    867 2021-01-26 14:40 squareBullet.html
-rw-rw---- 1 10106 9997   2150 2021-01-23 13:44 starOfDavid.html
-rw-rw---- 1 10106 9997    160 2017-01-16 02:55 stderrTest.js
-rw-rw---- 1 10106 9997      0 2017-01-16 16:21 stdin
-rw-rw---- 1 10106 9997    131 2017-01-16 02:32 stdin.js
-rw-rw---- 1 10106 9997     92 2017-01-16 17:38 stdin.read.js
-rw-rw---- 1 10106 9997    238 2017-01-16 02:55 stdinToFile.js
-rw-rw---- 1 10106 9997      0 2017-01-16 16:21 stdout
-rw-rw---- 1 10106 9997   1289 2021-01-21 01:48 sticky.html
-rw-rw---- 1 10106 9997   2971 2021-01-21 02:06 stickylogo.html
-rw-rw---- 1 10106 9997    553 2021-02-01 21:12 stream.js
-rw-rw---- 1 10106 9997     36 2021-02-01 19:06 stretch.js
-rw-rw---- 1 10106 9997   2904 2017-01-14 11:30 stringReader.js
-rw-rw---- 1 10106 9997      0 2017-01-15 17:29 stringify
-rw-rw---- 1 10106 9997   2679 2017-01-15 08:19 style.css
-rw-rw---- 1 10106 9997   2202 2017-01-15 07:33 systemInfo.js
-rw-rw---- 1 10106 9997   2952 2021-01-23 14:17 table.html
-rw-rw---- 1 10106 9997      0 2017-01-15 15:01 template
-rw-rw---- 1 10106 9997    119 2017-01-15 12:54 test.ejs
-rw-rw---- 1 10106 9997    217 2017-01-15 13:12 test.pug
-rw-rw---- 1 10106 9997     38 2017-01-01 12:57 testScript.js
-rw-rw---- 1 10106 9997    848 2021-01-25 14:16 text-stripes.html
-rw-rw---- 1 10106 9997   1089 2021-01-23 14:17 thermomiter.html
-rw-rw---- 1 10106 9997   1534 2021-01-23 21:07 timer.html
-rw-rw---- 1 10106 9997   5019 2021-01-18 11:28 tinting.html
-rw-rw---- 1 10106 9997     14 2017-01-15 15:40 tiny.litcoffee
-rw-rw---- 1 10106 9997    962 2017-01-05 17:25 title.html
-rw-rw---- 1 10106 9997    782 2017-01-08 06:18 toEvenTestcases.js
-rw-rw---- 1 10106 9997      0 2017-01-15 11:50 toLowerCase
drwxrwx--- 2 10106 9997   4096 2017-01-14 11:23 touchLab
-rw-rw---- 1 10106 9997    551 2021-01-23 12:27 triangle.html
drwxrwx--- 4 10106 9997   4096 2017-01-10 22:43 tstest
-rw-rw---- 1 10106 9997    900 2021-01-26 18:32 typeViewer.js
-rw-rw---- 1 10106 9997      0 2017-01-15 08:57 typeof
drwxrwx--- 3 10106 9997   4096 2021-01-26 16:49 underscore.js
-rw-rw---- 1 10106 9997    560 2017-01-01 13:27 unicode.html
-rw-rw---- 1 10106 9997   1196 2017-01-01 13:35 unicode.js
-rw-rw---- 1 10106 9997   3859 2017-01-10 20:56 unittest.js
-rw-rw---- 1 10106 9997    906 2017-01-08 20:06 unittest.test.js
-rw-rw---- 1 10106 9997    835 2021-01-26 12:11 waterdrop.html
-rw-rw---- 1 10106 9997    900 2021-01-18 14:17 wavemarker.html
drwxrwx--- 5 10106 9997   4096 2017-01-12 08:03 webFinder
-rw-rw---- 1 10106 9997    232 2021-01-26 17:20 webworker.js
-rw-rw---- 1 10106 9997      0 2021-02-02 15:38 wfgwusjvsjs.html
-rw-rw---- 1 10106 9997    233 2017-01-16 03:23 whileStdin.js
drwxrwx--- 2 10106 9997   4096 2021-01-26 13:26 widgets
-rw-rw---- 1 10106 9997    148 2021-01-26 17:20 worker.js
-rw-rw---- 1 10106 9997      0 2017-01-15 16:51 write
-rw-rw---- 1 10106 9997      0 2017-01-15 08:27 writeHead
-rw-rw---- 1 10106 9997    467 2021-02-01 21:08 ws.asd
-rw-rw---- 1 10106 9997      0 2017-01-17 00:48 xxx.x
